<?xml version="1.0" encoding="UTF-8"?>
<testng-results total="2" passed="2" failed="0" skipped="0">
  <reporter-output>
  </reporter-output>
  <suite started-at="2021-07-03T13:55:21Z" name="Testing Google Apps" finished-at="2021-07-03T13:55:36Z" duration-ms="15204">
    <groups>
    </groups>
    <test started-at="2021-07-03T13:55:21Z" name="Regression" finished-at="2021-07-03T13:55:36Z" duration-ms="15204">
      <class name="com.demo.AppTest">
        <test-method is-config="true" signature="SetUp()[pri:0, instance:com.demo.AppTest@40005471]" started-at="2021-07-03T21:55:21Z" name="SetUp" finished-at="2021-07-03T21:55:23Z" duration-ms="1941" status="PASS">
          <reporter-output>
          </reporter-output>
        </test-method> <!-- SetUp -->
        <test-method signature="NavigateToGmail()[pri:0, instance:com.demo.AppTest@40005471]" started-at="2021-07-03T21:55:23Z" name="NavigateToGmail" finished-at="2021-07-03T21:55:35Z" duration-ms="12293" status="PASS">
          <reporter-output>
          </reporter-output>
        </test-method> <!-- NavigateToGmail -->
        <test-method signature="SearchInGoogle()[pri:0, instance:com.demo.AppTest@40005471]" started-at="2021-07-03T21:55:35Z" name="SearchInGoogle" finished-at="2021-07-03T21:55:36Z" duration-ms="810" status="PASS">
          <reporter-output>
          </reporter-output>
        </test-method> <!-- SearchInGoogle -->
        <test-method is-config="true" signature="quitChrome()[pri:0, instance:com.demo.AppTest@40005471]" started-at="2021-07-03T21:55:36Z" name="quitChrome" finished-at="2021-07-03T21:55:36Z" duration-ms="142" status="PASS">
          <reporter-output>
          </reporter-output>
        </test-method> <!-- quitChrome -->
      </class> <!-- com.demo.AppTest -->
    </test> <!-- Regression -->
  </suite> <!-- Testing Google Apps -->
</testng-results>
